#-----------------------------------------------------------
# Vivado v2016.4 (64-bit)
# SW Build 1756540 on Mon Jan 23 19:11:23 MST 2017
# IP Build 1755317 on Mon Jan 23 20:30:07 MST 2017
# Start of session at: Sun Dec 19 18:35:57 2021
# Process ID: 14888
# Current directory: C:/Users/test user/CPE223_project
# Command line: vivado.exe -gui_launcher_event rodinguilauncherevent5768 C:\Users\test user\CPE223_project\CPE223_project.xpr
# Log file: C:/Users/test user/CPE223_project/vivado.log
# Journal file: C:/Users/test user/CPE223_project\vivado.jou
#-----------------------------------------------------------
start_gui
open_project {C:/Users/test user/CPE223_project/CPE223_project.xpr}
Scanning sources...
Finished scanning sources
INFO: [IP_Flow 19-234] Refreshing IP repositories
INFO: [IP_Flow 19-1704] No user IP repositories specified
INFO: [IP_Flow 19-2313] Loaded Vivado IP repository 'C:/Xilinx/Vivado/2016.4/data/ip'.
file mkdir C:/Users/test user/CPE223_project/CPE223_project.srcs/sources_1/new
can't create directory "C:/Users/test": permission denied
file mkdir C:/Users/test user/CPE223_project/CPE223_project.srcs/sources_1/new
can't create directory "C:/Users/test": permission denied
file mkdir C:/Users/test user/CPE223_project/CPE223_project.srcs/sources_1/new
can't create directory "C:/Users/test": permission denied
file mkdir C:/Users/test user/CPE223_project/CPE223_project.srcs/sources_1/new
can't create directory "C:/Users/test": permission denied
file mkdir C:/Users/test user/CPE223_project/CPE223_project.srcs/sources_1/new
can't create directory "C:/Users/test": permission denied
file mkdir C:/Users/test user/CPE223_project/CPE223_project.srcs/sources_1/new
can't create directory "C:/Users/test": permission denied
file mkdir {C:/Users/test user/CPE223_project/CPE223_project.srcs/sources_1/new}
close [ open {C:/Users/test user/CPE223_project/CPE223_project.srcs/sources_1/new/counter_with_display.v} w ]
add_files {{C:/Users/test user/CPE223_project/CPE223_project.srcs/sources_1/new/counter_with_display.v}}
update_compile_order -fileset sources_1
update_compile_order -fileset sim_1
file mkdir C:/Users/test user/CPE223_project/CPE223_project.srcs/constrs_1
can't create directory "C:/Users/test": permission denied
file mkdir C:/Users/test user/CPE223_project/CPE223_project.srcs/constrs_1
can't create directory "C:/Users/test": permission denied
file mkdir C:/Users/test user/CPE223_project/CPE223_project.srcs/constrs_1/new
can't create directory "C:/Users/test": permission denied
file mkdir C:/Users/test user/CPE223_project/CPE223_project.srcs/constrs_1/new
can't create directory "C:/Users/test": permission denied
file mkdir C:/Users/test user/CPE223_project/CPE223_project.srcs/constrs_1/new
can't create directory "C:/Users/test": permission denied
file mkdir C:/Users/test user/CPE223_project/CPE223_project.srcs/constrs_1/new
can't create directory "C:/Users/test": permission denied
file mkdir C:/Users/test user/CPE223_project/CPE223_project.srcs/constrs_1
can't create directory "C:/Users/test": permission denied
file mkdir {C:/Users/test user/CPE223_project/CPE223_project.srcs/constrs_1/new}
close [ open {C:/Users/test user/CPE223_project/CPE223_project.srcs/constrs_1/new/basys3.xdc} w ]
add_files -fileset constrs_1 {{C:/Users/test user/CPE223_project/CPE223_project.srcs/constrs_1/new/basys3.xdc}}
exit
INFO: [Common 17-206] Exiting Vivado at Sun Dec 19 18:39:27 2021...
